<?xml version="1.0" encoding="UTF-8"?>
<!-- Generated by org.testng.reporters.JUnitXMLReporter -->
<testsuite ignored="2" hostname="DESKTOP-NI2O2K0" failures="1" tests="2" name="Default test(failed)" time="1.084" errors="0" timestamp="2022-11-18T23:18:36 IST">
  <testcase classname="Extenantreport.ExtenantReportEx" name="VarifyLogo" time="0.014">
    <skipped/>
  </testcase> <!-- VarifyLogo -->
  <testcase classname="Extenantreport.ExtenantReportEx" name="VarifyTitle" time="0.005">
    <failure type="java.lang.AssertionError" message="expected [true] but found [false]">
      <![CDATA[java.lang.AssertionError: expected [true] but found [false]
at Extenantreport.ExtenantReportEx.VarifyTitle(ExtenantReportEx.java:54)
at java.base/java.util.ArrayList.forEach(ArrayList.java:1511)
... Removed 29 stack frames]]>
    </failure>
  </testcase> <!-- VarifyTitle -->
  <testcase classname="Extenantreport.ExtenantReportEx" name="LunchBrowser" time="0.0">
    <ignored/>
  </testcase> <!-- LunchBrowser -->
  <testcase classname="Extenantreport.ExtenantReportEx" name="VarifyEmail" time="0.0">
    <ignored/>
  </testcase> <!-- VarifyEmail -->
</testsuite> <!-- Default test(failed) -->
